<?xml version="1.0" encoding="UTF-8"?>
<!-- Generated by org.testng.reporters.JUnitReportReporter -->
<testsuite skipped="0" hostname="DESKTOP-T59LTLF" name="com.bizjournals.testcases.GetMapDetailsTest" tests="1" failures="0" timestamp="10 Jun 2019 02:47:40 GMT" time="93.858" errors="0">
  <testcase name="getCraneWatchCityDetails" time="93.858" classname="com.bizjournals.testcases.GetMapDetailsTest"/>
</testsuite> <!-- com.bizjournals.testcases.GetMapDetailsTest -->
