<?xml version="1.0" encoding="UTF-8"?>
<!-- Generated by org.testng.reporters.JUnitReportReporter -->
<testsuite skipped="0" hostname="DESKTOP-T59LTLF" name="com.bizjournals.testcases.CraneWatchTest" tests="1" failures="0" timestamp="10 Jun 2019 02:48:42 GMT" time="36.915" errors="0">
  <testcase name="getCraneWatchCityDetails" time="36.915" classname="com.bizjournals.testcases.CraneWatchTest"/>
</testsuite> <!-- com.bizjournals.testcases.CraneWatchTest -->
